#
# There is insufficient memory for the Java Runtime Environment to continue.
# Native memory allocation (malloc) failed to allocate 32744 bytes for ChunkPool::allocate
# Possible reasons:
#   The system is out of physical RAM or swap space
#   In 32 bit mode, the process size limit was hit
# Possible solutions:
#   Reduce memory load on the system
#   Increase physical memory or swap space
#   Check if swap backing store is full
#   Use 64 bit Java on a 64 bit OS
#   Decrease Java heap size (-Xmx/-Xms)
#   Decrease number of Java threads
#   Decrease Java thread stack sizes (-Xss)
#   Set larger code cache with -XX:ReservedCodeCacheSize=
# This output file may be truncated or incomplete.
#
#  Out of Memory Error (allocation.cpp:273), pid=5628, tid=0x0000000000001668
#
# JRE version: OpenJDK Runtime Environment (8.0_112-b06) (build 1.8.0_112-release-b06)
# Java VM: OpenJDK 64-Bit Server VM (25.112-b06 mixed mode windows-amd64 compressed oops)
# Failed to write core dump. Minidumps are not enabled by default on client versions of Windows
#

---------------  T H R E A D  ---------------

Current thread (0x0000000016bfa800):  JavaThread "C2 CompilerThread0" daemon [_thread_in_native, id=5736, stack(0x0000000018240000,0x0000000018340000)]

Stack: [0x0000000018240000,0x0000000018340000]
[error occurred during error reporting (printing stack bounds), id 0xc0000005]

Native frames: (J=compiled Java code, j=interpreted, Vv=VM code, C=native code)


Current CompileTask:
C2:  91236 6577       4       org.gradle.model.internal.type.ModelType::wrap (219 bytes)


---------------  P R O C E S S  ---------------

Java Threads: ( => current thread )
  0x000000001c0e3800 JavaThread "Stdin handler" [_thread_blocked, id=4040, stack(0x0000000023140000,0x0000000023240000)]
  0x000000001c0e6800 JavaThread "Asynchronous log dispatcher for DefaultDaemonConnection: socket connection from /127.0.0.1:56734 to /127.0.0.1:56823" [_thread_blocked, id=9616, stack(0x0000000023040000,0x0000000023140000)]
  0x000000001c0e6000 JavaThread "Daemon worker Thread 2" [_thread_in_vm, id=7680, stack(0x0000000022f40000,0x0000000023040000)]
  0x000000001c0e0000 JavaThread "Cancel handler" [_thread_blocked, id=4988, stack(0x0000000022e40000,0x0000000022f40000)]
  0x000000001c0e0800 JavaThread "Handler for socket connection from /127.0.0.1:56734 to /127.0.0.1:56823" [_thread_in_native, id=8324, stack(0x0000000022d40000,0x0000000022e40000)]
  0x000000001c0e2000 JavaThread "Daemon Thread 2" [_thread_blocked, id=4572, stack(0x0000000022c40000,0x0000000022d40000)]
  0x000000001df5e800 JavaThread "pool-2-thread-1" [_thread_blocked, id=9796, stack(0x000000001ed60000,0x000000001ee60000)]
  0x000000001bf87000 JavaThread "File lock request listener" [_thread_in_native, id=5396, stack(0x000000001ec60000,0x000000001ed60000)]
  0x0000000019a24000 JavaThread "pool-1-thread-1" [_thread_blocked, id=388, stack(0x000000001af80000,0x000000001b080000)]
  0x000000001998d800 JavaThread "Incoming local TCP Connector on port 56734" [_thread_in_native, id=4820, stack(0x000000001a850000,0x000000001a950000)]
  0x0000000018541800 JavaThread "Service Thread" daemon [_thread_blocked, id=7872, stack(0x0000000018940000,0x0000000018a40000)]
  0x0000000016c5b800 JavaThread "C1 CompilerThread2" daemon [_thread_in_native, id=6696, stack(0x0000000018440000,0x0000000018540000)]
  0x0000000016c58000 JavaThread "C2 CompilerThread1" daemon [_thread_in_native, id=828, stack(0x0000000018340000,0x0000000018440000)]
=>0x0000000016bfa800 JavaThread "C2 CompilerThread0" daemon [_thread_in_native, id=5736, stack(0x0000000018240000,0x0000000018340000)]
  0x0000000016bf8800 JavaThread "Attach Listener" daemon [_thread_blocked, id=9600, stack(0x0000000018140000,0x0000000018240000)]
  0x0000000016bf7000 JavaThread "Signal Dispatcher" daemon [_thread_blocked, id=2988, stack(0x0000000018040000,0x0000000018140000)]
  0x000000000328a800 JavaThread "Finalizer" daemon [_thread_blocked, id=1812, stack(0x0000000017e50000,0x0000000017f50000)]
  0x0000000003280000 JavaThread "Reference Handler" daemon [_thread_blocked, id=10536, stack(0x0000000017d50000,0x0000000017e50000)]
  0x0000000003190800 JavaThread "main" [_thread_blocked, id=7920, stack(0x0000000003090000,0x0000000003190000)]

Other Threads:
  0x0000000016bc5800 VMThread [stack: 0x0000000017c50000,0x0000000017d50000] [id=3976]
  0x0000000018543800 WatcherThread [stack: 0x0000000018a40000,0x0000000018b40000] [id=10480]

VM state:not at safepoint (normal execution)

VM Mutex/Monitor currently owned by a thread: None

Heap:
 PSYoungGen      total 122880K, used 44407K [0x00000000e0000000, 0x00000000eae00000, 0x0000000100000000)
  eden space 109568K, 29% used [0x00000000e0000000,0x00000000e1f6bb48,0x00000000e6b00000)
  from space 13312K, 91% used [0x00000000e6b00000,0x00000000e76f2308,0x00000000e7800000)
  to   space 14848K, 0% used [0x00000000e9f80000,0x00000000e9f80000,0x00000000eae00000)
 ParOldGen       total 53760K, used 27944K [0x00000000a0000000, 0x00000000a3480000, 0x00000000e0000000)
  object space 53760K, 51% used [0x00000000a0000000,0x00000000a1b4a210,0x00000000a3480000)
 Metaspace       used 52207K, capacity 54100K, committed 54400K, reserved 1095680K
  class space    used 7038K, capacity 7448K, committed 7552K, reserved 1048576K

Card table byte_map: [0x0000000012650000,0x0000000012960000] byte_map_base: 0x0000000012150000

Marking Bits: (ParMarkBitMap*) 0x0000000077f818f0
 Begin Bits: [0x0000000012f60000, 0x0000000014760000)
 End Bits:   [0x0000000014760000, 0x0000000015f60000)

Polling page: 0x00000000015c0000

CodeCache: size=245760Kb used=20825Kb max_used=21144Kb free=224934Kb
 bounds [0x0000000003290000, 0x0000000004770000, 0x0000000012290000]
 total_blobs=6516 nmethods=5773 adapters=655
 compilation: enabled

Compilation events (10 events):
Event: 91.160 Thread 0x0000000016c5b800 6657       3       org.gradle.api.internal.artifacts.ivyservice.ivyresolve.RepositoryChainComponentMetaDataResolver::resolve (28 bytes)
Event: 91.160 Thread 0x0000000016c5b800 nmethod 6657 0x00000000034f7fd0 code [0x00000000034f8160, 0x00000000034f85f8]
Event: 91.160 Thread 0x0000000016c5b800 6658       3       org.gradle.api.internal.artifacts.ivyservice.ivyresolve.RepositoryChainComponentMetaDataResolver::findBestMatch (62 bytes)
Event: 91.161 Thread 0x0000000016c5b800 nmethod 6658 0x00000000039b4ad0 code [0x00000000039b4ce0, 0x00000000039b5568]
Event: 91.174 Thread 0x0000000016c5b800 6659       3       com.sun.xml.internal.stream.util.BufferAllocator::returnCharBuffer (51 bytes)
Event: 91.175 Thread 0x0000000016c5b800 nmethod 6659 0x0000000003c09890 code [0x0000000003c09a00, 0x0000000003c09cf0]
Event: 91.200 Thread 0x0000000016c5b800 6660       3       sun.nio.cs.StreamDecoder::<init> (23 bytes)
Event: 91.201 Thread 0x0000000016c5b800 nmethod 6660 0x000000000364be90 code [0x000000000364c040, 0x000000000364c6b8]
Event: 91.201 Thread 0x0000000016c5b800 6661       3       sun.nio.cs.StreamDecoder::<init> (64 bytes)
Event: 91.202 Thread 0x0000000016c5b800 nmethod 6661 0x000000000385eb10 code [0x000000000385ecc0, 0x000000000385f498]

GC Heap History (10 events):
Event: 20.065 GC heap before
{Heap before GC invocations=13 (full 2):
 PSYoungGen      total 69120K, used 9386K [0x00000000e0000000, 0x00000000e6480000, 0x0000000100000000)
  eden space 59392K, 0% used [0x00000000e0000000,0x00000000e0000000,0x00000000e3a00000)
  from space 9728K, 96% used [0x00000000e3a00000,0x00000000e432a938,0x00000000e4380000)
  to   space 10752K, 0% used [0x00000000e5a00000,0x00000000e5a00000,0x00000000e6480000)
 ParOldGen       total 38912K, used 9590K [0x00000000a0000000, 0x00000000a2600000, 0x00000000e0000000)
  object space 38912K, 24% used [0x00000000a0000000,0x00000000a095d9c0,0x00000000a2600000)
 Metaspace       used 34618K, capacity 35258K, committed 35456K, reserved 1079296K
  class space    used 4665K, capacity 4882K, committed 4992K, reserved 1048576K
Event: 20.184 GC heap after
Heap after GC invocations=13 (full 2):
 PSYoungGen      total 69120K, used 0K [0x00000000e0000000, 0x00000000e6480000, 0x0000000100000000)
  eden space 59392K, 0% used [0x00000000e0000000,0x00000000e0000000,0x00000000e3a00000)
  from space 9728K, 0% used [0x00000000e3a00000,0x00000000e3a00000,0x00000000e4380000)
  to   space 10752K, 0% used [0x00000000e5a00000,0x00000000e5a00000,0x00000000e6480000)
 ParOldGen       total 53760K, used 15658K [0x00000000a0000000, 0x00000000a3480000, 0x00000000e0000000)
  object space 53760K, 29% used [0x00000000a0000000,0x00000000a0f4a988,0x00000000a3480000)
 Metaspace       used 34618K, capacity 35258K, committed 35456K, reserved 1079296K
  class space    used 4665K, capacity 4882K, committed 4992K, reserved 1048576K
}
Event: 21.101 GC heap before
{Heap before GC invocations=14 (full 2):
 PSYoungGen      total 69120K, used 59392K [0x00000000e0000000, 0x00000000e6480000, 0x0000000100000000)
  eden space 59392K, 100% used [0x00000000e0000000,0x00000000e3a00000,0x00000000e3a00000)
  from space 9728K, 0% used [0x00000000e3a00000,0x00000000e3a00000,0x00000000e4380000)
  to   space 10752K, 0% used [0x00000000e5a00000,0x00000000e5a00000,0x00000000e6480000)
 ParOldGen       total 53760K, used 15658K [0x00000000a0000000, 0x00000000a3480000, 0x00000000e0000000)
  object space 53760K, 29% used [0x00000000a0000000,0x00000000a0f4a988,0x00000000a3480000)
 Metaspace       used 37728K, capacity 38490K, committed 38912K, reserved 1083392K
  class space    used 5059K, capacity 5263K, committed 5376K, reserved 1048576K
Event: 21.116 GC heap after
Heap after GC invocations=14 (full 2):
 PSYoungGen      total 92160K, used 6382K [0x00000000e0000000, 0x00000000e6500000, 0x0000000100000000)
  eden space 81408K, 0% used [0x00000000e0000000,0x00000000e0000000,0x00000000e4f80000)
  from space 10752K, 59% used [0x00000000e5a00000,0x00000000e603bbd0,0x00000000e6480000)
  to   space 10752K, 0% used [0x00000000e4f80000,0x00000000e4f80000,0x00000000e5a00000)
 ParOldGen       total 53760K, used 15666K [0x00000000a0000000, 0x00000000a3480000, 0x00000000e0000000)
  object space 53760K, 29% used [0x00000000a0000000,0x00000000a0f4c988,0x00000000a3480000)
 Metaspace       used 37728K, capacity 38490K, committed 38912K, reserved 1083392K
  class space    used 5059K, capacity 5263K, committed 5376K, reserved 1048576K
}
Event: 22.701 GC heap before
{Heap before GC invocations=15 (full 2):
 PSYoungGen      total 92160K, used 87790K [0x00000000e0000000, 0x00000000e6500000, 0x0000000100000000)
  eden space 81408K, 100% used [0x00000000e0000000,0x00000000e4f80000,0x00000000e4f80000)
  from space 10752K, 59% used [0x00000000e5a00000,0x00000000e603bbd0,0x00000000e6480000)
  to   space 10752K, 0% used [0x00000000e4f80000,0x00000000e4f80000,0x00000000e5a00000)
 ParOldGen       total 53760K, used 15666K [0x00000000a0000000, 0x00000000a3480000, 0x00000000e0000000)
  object space 53760K, 29% used [0x00000000a0000000,0x00000000a0f4c988,0x00000000a3480000)
 Metaspace       used 43115K, capacity 44082K, committed 44288K, reserved 1087488K
  class space    used 5781K, capacity 6025K, committed 6144K, reserved 1048576K
Event: 22.717 GC heap after
Heap after GC invocations=15 (full 2):
 PSYoungGen      total 92160K, used 10684K [0x00000000e0000000, 0x00000000e8400000, 0x0000000100000000)
  eden space 81408K, 0% used [0x00000000e0000000,0x00000000e0000000,0x00000000e4f80000)
  from space 10752K, 99% used [0x00000000e4f80000,0x00000000e59ef160,0x00000000e5a00000)
  to   space 12288K, 0% used [0x00000000e7800000,0x00000000e7800000,0x00000000e8400000)
 ParOldGen       total 53760K, used 15674K [0x00000000a0000000, 0x00000000a3480000, 0x00000000e0000000)
  object space 53760K, 29% used [0x00000000a0000000,0x00000000a0f4e988,0x00000000a3480000)
 Metaspace       used 43115K, capacity 44082K, committed 44288K, reserved 1087488K
  class space    used 5781K, capacity 6025K, committed 6144K, reserved 1048576K
}
Event: 24.485 GC heap before
{Heap before GC invocations=16 (full 2):
 PSYoungGen      total 92160K, used 92092K [0x00000000e0000000, 0x00000000e8400000, 0x0000000100000000)
  eden space 81408K, 100% used [0x00000000e0000000,0x00000000e4f80000,0x00000000e4f80000)
  from space 10752K, 99% used [0x00000000e4f80000,0x00000000e59ef160,0x00000000e5a00000)
  to   space 12288K, 0% used [0x00000000e7800000,0x00000000e7800000,0x00000000e8400000)
 ParOldGen       total 53760K, used 15674K [0x00000000a0000000, 0x00000000a3480000, 0x00000000e0000000)
  object space 53760K, 29% used [0x00000000a0000000,0x00000000a0f4e988,0x00000000a3480000)
 Metaspace       used 47090K, capacity 48636K, committed 48768K, reserved 1091584K
  class space    used 6384K, capacity 6704K, committed 6784K, reserved 1048576K
Event: 24.521 GC heap after
Heap after GC invocations=16 (full 2):
 PSYoungGen      total 121856K, used 11071K [0x00000000e0000000, 0x00000000e8780000, 0x0000000100000000)
  eden space 109568K, 0% used [0x00000000e0000000,0x00000000e0000000,0x00000000e6b00000)
  from space 12288K, 90% used [0x00000000e7800000,0x00000000e82cfc50,0x00000000e8400000)
  to   space 13312K, 0% used [0x00000000e6b00000,0x00000000e6b00000,0x00000000e7800000)
 ParOldGen       total 53760K, used 20129K [0x00000000a0000000, 0x00000000a3480000, 0x00000000e0000000)
  object space 53760K, 37% used [0x00000000a0000000,0x00000000a13a8718,0x00000000a3480000)
 Metaspace       used 47090K, capacity 48636K, committed 48768K, reserved 1091584K
  class space    used 6384K, capacity 6704K, committed 6784K, reserved 1048576K
}
Event: 28.971 GC heap before
{Heap before GC invocations=17 (full 2):
 PSYoungGen      total 121856K, used 120639K [0x00000000e0000000, 0x00000000e8780000, 0x0000000100000000)
  eden space 109568K, 100% used [0x00000000e0000000,0x00000000e6b00000,0x00000000e6b00000)
  from space 12288K, 90% used [0x00000000e7800000,0x00000000e82cfc50,0x00000000e8400000)
  to   space 13312K, 0% used [0x00000000e6b00000,0x00000000e6b00000,0x00000000e7800000)
 ParOldGen       total 53760K, used 20129K [0x00000000a0000000, 0x00000000a3480000, 0x00000000e0000000)
  object space 53760K, 37% used [0x00000000a0000000,0x00000000a13a8718,0x00000000a3480000)
 Metaspace       used 50027K, capacity 51768K, committed 51840K, reserved 1093632K
  class space    used 6846K, capacity 7230K, committed 7296K, reserved 1048576K
Event: 29.005 GC heap after
Heap after GC invocations=17 (full 2):
 PSYoungGen      total 122880K, used 12232K [0x00000000e0000000, 0x00000000eae00000, 0x0000000100000000)
  eden space 109568K, 0% used [0x00000000e0000000,0x00000000e0000000,0x00000000e6b00000)
  from space 13312K, 91% used [0x00000000e6b00000,0x00000000e76f2308,0x00000000e7800000)
  to   space 14848K, 0% used [0x00000000e9f80000,0x00000000e9f80000,0x00000000eae00000)
 ParOldGen       total 53760K, used 27944K [0x00000000a0000000, 0x00000000a3480000, 0x00000000e0000000)
  object space 53760K, 51% used [0x00000000a0000000,0x00000000a1b4a210,0x00000000a3480000)
 Metaspace       used 50027K, capacity 51768K, committed 51840K, reserved 1093632K
  class space    used 6846K, capacity 7230K, committed 7296K, reserved 1048576K
}

Deoptimization events (10 events):
Event: 28.832 Thread 0x0000000019a24800 Uncommon trap: reason=unstable_if action=reinterpret pc=0x00000000046c5820 method=java.lang.Class$MethodArray.addInterfaceMethods([Ljava/lang/reflect/Method;)V @ 28
Event: 29.069 Thread 0x0000000019a24800 Uncommon trap: reason=class_check action=maybe_recompile pc=0x000000000384dd00 method=java.lang.Throwable.<init>(Ljava/lang/String;Ljava/lang/Throwable;)V @ 24
Event: 29.197 Thread 0x000000001df5e800 Uncommon trap: reason=unstable_if action=reinterpret pc=0x0000000004288600 method=java.nio.Buffer.limit(I)Ljava/nio/Buffer; @ 33
Event: 90.052 Thread 0x000000001c0e6000 Uncommon trap: reason=class_check action=maybe_recompile pc=0x00000000041e4ef8 method=java.util.regex.Matcher.search(I)Z @ 86
Event: 90.053 Thread 0x000000001c0e6000 Uncommon trap: reason=class_check action=maybe_recompile pc=0x0000000003bc8c4c method=java.util.regex.Matcher.search(I)Z @ 86
Event: 90.053 Thread 0x000000001c0e6000 Uncommon trap: reason=class_check action=maybe_recompile pc=0x0000000003c6c71c method=java.util.regex.Matcher.search(I)Z @ 86
Event: 90.055 Thread 0x000000001c0e6000 Uncommon trap: reason=class_check action=maybe_recompile pc=0x0000000003455aa8 method=java.lang.String.equals(Ljava/lang/Object;)Z @ 8
Event: 90.055 Thread 0x000000001c0e6000 Uncommon trap: reason=class_check action=maybe_recompile pc=0x0000000003455aa8 method=java.lang.String.equals(Ljava/lang/Object;)Z @ 8
Event: 90.055 Thread 0x000000001c0e6000 Uncommon trap: reason=class_check action=maybe_recompile pc=0x0000000003455aa8 method=java.lang.String.equals(Ljava/lang/Object;)Z @ 8
Event: 90.055 Thread 0x000000001c0e6000 Uncommon trap: reason=class_check action=maybe_recompile pc=0x0000000003455aa8 method=java.lang.String.equals(Ljava/lang/Object;)Z @ 8

Internal exceptions (10 events):
Event: 89.996 Thread 0x000000001c0e6000 Exception <a 'java/lang/ClassNotFoundException': asLocalRepo79_2z0zcz2nq4g9eujzxc661byx2Customizer> (0x00000000e12b6608) thrown at [C:\src\android\AOSP-openjdk\external\jetbrains\jdk\hotspot\src\share\vm\classfile\systemDictionary.cpp, line 210]
Event: 90.217 Thread 0x000000001c0e6000 Exception <a 'java/lang/ClassNotFoundException': ijinit2_x988iy5ab4bk56i19ypgjcgaBeanInfo> (0x00000000e13d9a28) thrown at [C:\src\android\AOSP-openjdk\external\jetbrains\jdk\hotspot\src\share\vm\classfile\systemDictionary.cpp, line 210]
Event: 90.217 Thread 0x000000001c0e6000 Exception <a 'java/lang/ClassNotFoundException': ijinit2_x988iy5ab4bk56i19ypgjcgaCustomizer> (0x00000000e13e3a28) thrown at [C:\src\android\AOSP-openjdk\external\jetbrains\jdk\hotspot\src\share\vm\classfile\systemDictionary.cpp, line 210]
Event: 90.239 Thread 0x000000001c0e6000 Exception <a 'java/lang/reflect/InvocationTargetException'> (0x00000000e1451980) thrown at [C:\src\android\AOSP-openjdk\external\jetbrains\jdk\hotspot\src\share\vm\runtime\reflection.cpp, line 1092]
Event: 90.240 Thread 0x000000001c0e6000 Exception <a 'java/lang/ClassNotFoundException': ijinit2_x988iy5ab4bk56i19ypgjcga$_run_closure1BeanInfo> (0x00000000e1466670) thrown at [C:\src\android\AOSP-openjdk\external\jetbrains\jdk\hotspot\src\share\vm\classfile\systemDictionary.cpp, line 210]
Event: 90.240 Thread 0x000000001c0e6000 Exception <a 'java/lang/ClassNotFoundException': ijinit2_x988iy5ab4bk56i19ypgjcga$_run_closure1Customizer> (0x00000000e146bf08) thrown at [C:\src\android\AOSP-openjdk\external\jetbrains\jdk\hotspot\src\share\vm\classfile\systemDictionary.cpp, line 210]
Event: 90.419 Thread 0x000000001c0e6000 Exception <a 'java/lang/ClassNotFoundException': ijinit2_x988iy5ab4bk56i19ypgjcgaBeanInfo> (0x00000000e1579d78) thrown at [C:\src\android\AOSP-openjdk\external\jetbrains\jdk\hotspot\src\share\vm\classfile\systemDictionary.cpp, line 210]
Event: 90.432 Thread 0x000000001c0e6000 Exception <a 'java/lang/ClassNotFoundException': ijinit2_x988iy5ab4bk56i19ypgjcgaCustomizer> (0x00000000e1583b20) thrown at [C:\src\android\AOSP-openjdk\external\jetbrains\jdk\hotspot\src\share\vm\classfile\systemDictionary.cpp, line 210]
Event: 90.491 Thread 0x000000001c0e6000 Exception <a 'java/lang/ClassNotFoundException': JetGradlePluginBeanInfo> (0x00000000e1689e78) thrown at [C:\src\android\AOSP-openjdk\external\jetbrains\jdk\hotspot\src\share\vm\classfile\systemDictionary.cpp, line 210]
Event: 90.493 Thread 0x000000001c0e6000 Exception <a 'java/lang/ClassNotFoundException': JetGradlePluginCustomizer> (0x00000000e16915b8) thrown at [C:\src\android\AOSP-openjdk\external\jetbrains\jdk\hotspot\src\share\vm\classfile\systemDictionary.cpp, line 210]

Events (10 events):
Event: 90.492 loading class JetGradlePluginCustomizer
Event: 90.492 loading class JetGradlePluginCustomizer done
Event: 90.497 Executing VM operation: RevokeBias
Event: 90.497 Executing VM operation: RevokeBias done
Event: 90.513 Thread 0x000000001c0e6000 DEOPT PACKING pc=0x0000000003596002 sp=0x000000002303bc50
Event: 90.513 Thread 0x000000001c0e6000 DEOPT UNPACKING pc=0x00000000032d75bf sp=0x000000002303b968 mode 0
Event: 90.527 Executing VM operation: RevokeBias
Event: 90.528 Executing VM operation: RevokeBias done
Event: 91.084 Thread 0x000000001c0e6000 DEOPT PACKING pc=0x0000000003cf3c6d sp=0x000000002303a640
Event: 91.084 Thread 0x000000001c0e6000 DEOPT UNPACKING pc=0x00000000032d75bf sp=0x000000002303a588 mode 0


Dynamic libraries:
0x00007ff675c90000 - 0x00007ff675cc1000 	C:\Program Files\Android\Android Studio\jre\bin\java.exe
0x00007ffc96ac0000 - 0x00007ffc96c9b000 	C:\WINDOWS\SYSTEM32\ntdll.dll
0x00007ffc96180000 - 0x00007ffc9622e000 	C:\WINDOWS\System32\KERNEL32.DLL
0x00007ffc93310000 - 0x00007ffc93559000 	C:\WINDOWS\System32\KERNELBASE.dll
0x00007ffc944e0000 - 0x00007ffc94581000 	C:\WINDOWS\System32\ADVAPI32.dll
0x00007ffc965e0000 - 0x00007ffc9667d000 	C:\WINDOWS\System32\msvcrt.dll
0x00007ffc94c00000 - 0x00007ffc94c59000 	C:\WINDOWS\System32\sechost.dll
0x00007ffc948b0000 - 0x00007ffc949d5000 	C:\WINDOWS\System32\RPCRT4.dll
0x00007ffc94590000 - 0x00007ffc946da000 	C:\WINDOWS\System32\USER32.dll
0x00007ffc936c0000 - 0x00007ffc936de000 	C:\WINDOWS\System32\win32u.dll
0x00007ffc940a0000 - 0x00007ffc940c7000 	C:\WINDOWS\System32\GDI32.dll
0x00007ffc93e90000 - 0x00007ffc94019000 	C:\WINDOWS\System32\gdi32full.dll
0x00007ffc92fe0000 - 0x00007ffc9307a000 	C:\WINDOWS\System32\msvcp_win.dll
0x00007ffc93560000 - 0x00007ffc93656000 	C:\WINDOWS\System32\ucrtbase.dll
0x00007ffc830f0000 - 0x00007ffc83357000 	C:\WINDOWS\WinSxS\amd64_microsoft.windows.common-controls_6595b64144ccf1df_6.0.15063.0_none_108e4f62dfe5d999\COMCTL32.dll
0x00007ffc94180000 - 0x00007ffc94479000 	C:\WINDOWS\System32\combase.dll
0x00007ffc932a0000 - 0x00007ffc9330a000 	C:\WINDOWS\System32\bcryptPrimitives.dll
0x00007ffc946e0000 - 0x00007ffc9470d000 	C:\WINDOWS\System32\IMM32.DLL
0x00000000502f0000 - 0x00000000503c2000 	C:\Program Files\Android\Android Studio\jre\jre\bin\msvcr100.dll
0x00000000777c0000 - 0x0000000077ffc000 	C:\Program Files\Android\Android Studio\jre\jre\bin\server\jvm.dll
0x00007ffc96230000 - 0x00007ffc96238000 	C:\WINDOWS\System32\PSAPI.DLL
0x00007ffc8d9c0000 - 0x00007ffc8d9c9000 	C:\WINDOWS\SYSTEM32\WSOCK32.dll
0x00007ffc826a0000 - 0x00007ffc826c3000 	C:\WINDOWS\SYSTEM32\WINMM.dll
0x00007ffc94020000 - 0x00007ffc9408c000 	C:\WINDOWS\System32\WS2_32.dll
0x00007ffc8d6f0000 - 0x00007ffc8d6fa000 	C:\WINDOWS\SYSTEM32\VERSION.dll
0x00007ffc82670000 - 0x00007ffc8269b000 	C:\WINDOWS\SYSTEM32\WINMMBASE.dll
0x00007ffc93250000 - 0x00007ffc93299000 	C:\WINDOWS\System32\cfgmgr32.dll
0x00007ffc8d9b0000 - 0x00007ffc8d9bf000 	C:\Program Files\Android\Android Studio\jre\jre\bin\verify.dll
0x00007ffc8d150000 - 0x00007ffc8d179000 	C:\Program Files\Android\Android Studio\jre\jre\bin\java.dll
0x00007ffc8c410000 - 0x00007ffc8c426000 	C:\Program Files\Android\Android Studio\jre\jre\bin\zip.dll
0x00007ffc94c60000 - 0x00007ffc96097000 	C:\WINDOWS\System32\SHELL32.dll
0x00007ffc940d0000 - 0x00007ffc9417a000 	C:\WINDOWS\System32\shcore.dll
0x00007ffc936e0000 - 0x00007ffc93dd2000 	C:\WINDOWS\System32\windows.storage.dll
0x00007ffc96120000 - 0x00007ffc96171000 	C:\WINDOWS\System32\shlwapi.dll
0x00007ffc92f50000 - 0x00007ffc92f61000 	C:\WINDOWS\System32\kernel.appcore.dll
0x00007ffc92f70000 - 0x00007ffc92fbc000 	C:\WINDOWS\System32\powrprof.dll
0x00007ffc92fc0000 - 0x00007ffc92fd5000 	C:\WINDOWS\System32\profapi.dll
0x00007ffc8c3c0000 - 0x00007ffc8c3da000 	C:\Program Files\Android\Android Studio\jre\jre\bin\net.dll
0x00007ffc92840000 - 0x00007ffc9289c000 	C:\WINDOWS\system32\mswsock.dll
0x00007ffc8b7a0000 - 0x00007ffc8b7b1000 	C:\Program Files\Android\Android Studio\jre\jre\bin\nio.dll
0x00007ffc8dea0000 - 0x00007ffc8debe000 	C:\Users\ahmad\.gradle\native\23\windows-amd64\native-platform.dll
0x00007ffc929f0000 - 0x00007ffc92a07000 	C:\WINDOWS\SYSTEM32\CRYPTSP.dll
0x00007ffc92460000 - 0x00007ffc92494000 	C:\WINDOWS\system32\rsaenh.dll
0x00007ffc92af0000 - 0x00007ffc92b15000 	C:\WINDOWS\SYSTEM32\bcrypt.dll
0x00007ffc92e60000 - 0x00007ffc92e89000 	C:\WINDOWS\SYSTEM32\USERENV.dll
0x00007ffc929e0000 - 0x00007ffc929eb000 	C:\WINDOWS\SYSTEM32\CRYPTBASE.dll
0x00007ffc925e0000 - 0x00007ffc92617000 	C:\WINDOWS\SYSTEM32\IPHLPAPI.DLL
0x00007ffc94090000 - 0x00007ffc94098000 	C:\WINDOWS\System32\NSI.dll
0x00007ffc89dd0000 - 0x00007ffc89de6000 	C:\WINDOWS\SYSTEM32\dhcpcsvc6.DLL
0x00007ffc8a4d0000 - 0x00007ffc8a4ea000 	C:\WINDOWS\SYSTEM32\dhcpcsvc.DLL
0x00007ffc8d800000 - 0x00007ffc8d80d000 	C:\Program Files\Android\Android Studio\jre\jre\bin\management.dll

VM Arguments:
jvm_args: -Xmx1536m -Dfile.encoding=windows-1252 -Duser.country=US -Duser.language=en -Duser.variant 
java_command: org.gradle.launcher.daemon.bootstrap.GradleDaemon 3.3
java_class_path (initial): C:\Users\ahmad\.gradle\wrapper\dists\gradle-3.3-all\55gk2rcmfc6p2dg9u9ohc3hw9\gradle-3.3\lib\gradle-launcher-3.3.jar
Launcher Type: SUN_STANDARD

Environment Variables:
PATH=C:\ProgramData\Oracle\Java\javapath;C:\WINDOWS\system32;C:\WINDOWS;C:\WINDOWS\System32\Wbem;C:\WINDOWS\System32\WindowsPowerShell\v1.0\;C:\Users\ahmad\AppData\Local\Microsoft\WindowsApps;
USERNAME=ahmad
OS=Windows_NT
PROCESSOR_IDENTIFIER=Intel64 Family 6 Model 42 Stepping 7, GenuineIntel



---------------  S Y S T E M  ---------------

OS: Windows 10.0 , 64 bit Build 15063 (10.0.15063.0)

CPU:total 4 (2 cores per cpu, 2 threads per core) family 6 model 42 stepping 7, cmov, cx8, fxsr, mmx, sse, sse2, sse3, ssse3, sse4.1, sse4.2, popcnt, avx, aes, clmul, ht, tsc, tscinvbit

Memory: 4k page, physical 4102508k(253356k free), swap 6156348k(3952k free)

vm_info: OpenJDK 64-Bit Server VM (25.112-b06) for windows-amd64 JRE (1.8.0_112-release-b06), built on Dec  8 2016 00:54:26 by "builder" with MS VC++ 10.0 (VS2010)

time: Tue Jul 18 08:02:48 2017
elapsed time: 91 seconds (0d 0h 1m 31s)

